5_semester/Кроссплатформенное/lab8/app/build/intermediates/manifest_merge_blame_file/debug/processDebugMainManifest/manifest-merger-blame-debug-report.txt
1<?xml version="1.0" encoding="utf-8"?>
2<manifest xmlns:android="http://schemas.android.com/apk/res/android"
3    package="com.example.autotasks"
4    android:versionCode="1"
5    android:versionName="1.0" >
6
7    <uses-sdk
8        android:minSdkVersion="26"
9        android:targetSdkVersion="36" />
10
11    <uses-permission android:name="android.permission.INTERNET" />
11-->src/main/AndroidManifest.xml:4:5-67
11-->src/main/AndroidManifest.xml:4:22-64
12    <uses-permission android:name="android.permission.ACCESS_NETWORK_STATE" />
12-->src/main/AndroidManifest.xml:5:5-78
12-->src/main/AndroidManifest.xml:5:22-76
13    <uses-permission android:name="android.permission.ACCESS_FINE_LOCATION" />
13-->src/main/AndroidManifest.xml:6:5-79
13-->src/main/AndroidManifest.xml:6:22-76
14    <uses-permission android:name="android.permission.ACCESS_COARSE_LOCATION" />
14-->src/main/AndroidManifest.xml:7:5-81
14-->src/main/AndroidManifest.xml:7:22-78
15    <uses-permission android:name="android.permission.WAKE_LOCK" />
15-->[com.google.android.gms:play-services-measurement-api:21.5.0] AndroidManifest.xml:24:5-68
15-->[com.google.android.gms:play-services-measurement-api:21.5.0] AndroidManifest.xml:24:22-65
16    <uses-permission android:name="com.google.android.gms.permission.AD_ID" />
16-->[com.google.android.gms:play-services-measurement-api:21.5.0] AndroidManifest.xml:25:5-79
16-->[com.google.android.gms:play-services-measurement-api:21.5.0] AndroidManifest.xml:25:22-76
17    <uses-permission android:name="android.permission.ACCESS_ADSERVICES_ATTRIBUTION" />
17-->[com.google.android.gms:play-services-measurement-api:21.5.0] AndroidManifest.xml:26:5-88
17-->[com.google.android.gms:play-services-measurement-api:21.5.0] AndroidManifest.xml:26:22-85
18    <uses-permission android:name="android.permission.ACCESS_ADSERVICES_AD_ID" />
18-->[com.google.android.gms:play-services-measurement-api:21.5.0] AndroidManifest.xml:27:5-82
18-->[com.google.android.gms:play-services-measurement-api:21.5.0] AndroidManifest.xml:27:22-79
19    <uses-permission android:name="android.permission.ACCESS_WIFI_STATE" />
19-->[com.yandex.android:maps.mobile:4.4.0-full] AndroidManifest.xml:15:5-76
19-->[com.yandex.android:maps.mobile:4.4.0-full] AndroidManifest.xml:15:22-73
20    <uses-permission android:name="android.permission.CHANGE_WIFI_STATE" />
20-->[com.yandex.android:maps.mobile:4.4.0-full] AndroidManifest.xml:16:5-76
20-->[com.yandex.android:maps.mobile:4.4.0-full] AndroidManifest.xml:16:22-73
21    <uses-permission android:name="android.permission.RECEIVE_BOOT_COMPLETED" />
21-->[com.yandex.android:maps.mobile:4.4.0-full] AndroidManifest.xml:22:5-81
21-->[com.yandex.android:maps.mobile:4.4.0-full] AndroidManifest.xml:22:22-78
22    <uses-permission android:name="com.google.android.finsky.permission.BIND_GET_INSTALL_REFERRER_SERVICE" />
22-->[com.google.android.gms:play-services-measurement:21.5.0] AndroidManifest.xml:26:5-110
22-->[com.google.android.gms:play-services-measurement:21.5.0] AndroidManifest.xml:26:22-107
23
24    <permission
24-->[androidx.core:core:1.13.0] AndroidManifest.xml:22:5-24:47
25        android:name="com.example.autotasks.DYNAMIC_RECEIVER_NOT_EXPORTED_PERMISSION"
25-->[androidx.core:core:1.13.0] AndroidManifest.xml:23:9-81
26        android:protectionLevel="signature" />
26-->[androidx.core:core:1.13.0] AndroidManifest.xml:24:9-44
27
28    <uses-permission android:name="com.example.autotasks.DYNAMIC_RECEIVER_NOT_EXPORTED_PERMISSION" />
28-->[androidx.core:core:1.13.0] AndroidManifest.xml:26:5-97
28-->[androidx.core:core:1.13.0] AndroidManifest.xml:26:22-94
29
30    <application
30-->src/main/AndroidManifest.xml:10:5-53:19
31        android:allowBackup="true"
31-->src/main/AndroidManifest.xml:11:9-35
32        android:appComponentFactory="androidx.core.app.CoreComponentFactory"
32-->[androidx.core:core:1.13.0] AndroidManifest.xml:28:18-86
33        android:dataExtractionRules="@xml/data_extraction_rules"
33-->src/main/AndroidManifest.xml:12:9-65
34        android:debuggable="true"
35        android:extractNativeLibs="false"
36        android:fullBackupContent="@xml/backup_rules"
36-->src/main/AndroidManifest.xml:13:9-54
37        android:icon="@mipmap/ic_launcher"
37-->src/main/AndroidManifest.xml:14:9-43
38        android:label="@string/app_name"
38-->src/main/AndroidManifest.xml:15:9-41
39        android:roundIcon="@mipmap/ic_launcher_round"
39-->src/main/AndroidManifest.xml:16:9-54
40        android:supportsRtl="true"
40-->src/main/AndroidManifest.xml:17:9-35
41        android:testOnly="true"
42        android:theme="@style/Theme.AutoTasks"
42-->src/main/AndroidManifest.xml:18:9-47
43        android:usesCleartextTraffic="true" >
43-->src/main/AndroidManifest.xml:19:9-44
44        <meta-data
44-->src/main/AndroidManifest.xml:21:9-23:68
45            android:name="com.yandex.mapkit.ApiKey"
45-->src/main/AndroidManifest.xml:22:13-52
46            android:value="8975e7ac-e7be-47ef-8f5d-4a0a08c3af04" />
46-->src/main/AndroidManifest.xml:23:13-65
47
48        <activity
48-->src/main/AndroidManifest.xml:24:9-32:20
49            android:name="com.example.autotasks.MainActivity"
49-->src/main/AndroidManifest.xml:25:13-41
50            android:exported="true" >
50-->src/main/AndroidManifest.xml:26:13-36
51            <intent-filter>
51-->src/main/AndroidManifest.xml:27:13-31:29
52                <action android:name="android.intent.action.MAIN" />
52-->src/main/AndroidManifest.xml:28:17-69
52-->src/main/AndroidManifest.xml:28:25-66
53
54                <category android:name="android.intent.category.LAUNCHER" />
54-->src/main/AndroidManifest.xml:30:17-77
54-->src/main/AndroidManifest.xml:30:27-74
55            </intent-filter>
56        </activity>
57        <activity
57-->src/main/AndroidManifest.xml:33:9-37:58
58            android:name="com.example.autotasks.AddDriverActivity"
58-->src/main/AndroidManifest.xml:34:13-46
59            android:exported="false"
59-->src/main/AndroidManifest.xml:35:13-37
60            android:label="Добавить гонщика"
60-->src/main/AndroidManifest.xml:36:13-45
61            android:parentActivityName="com.example.autotasks.MainActivity" />
61-->src/main/AndroidManifest.xml:37:13-55
62        <activity
62-->src/main/AndroidManifest.xml:38:9-42:58
63            android:name="com.example.autotasks.EditDriverActivity"
63-->src/main/AndroidManifest.xml:39:13-47
64            android:exported="false"
64-->src/main/AndroidManifest.xml:40:13-37
65            android:label="Редактировать гонщика"
65-->src/main/AndroidManifest.xml:41:13-50
66            android:parentActivityName="com.example.autotasks.MainActivity" />
66-->src/main/AndroidManifest.xml:42:13-55
67        <activity
67-->src/main/AndroidManifest.xml:43:9-47:58
68            android:name="com.example.autotasks.MapActivity"
68-->src/main/AndroidManifest.xml:44:13-40
69            android:exported="false"
69-->src/main/AndroidManifest.xml:45:13-37
70            android:label="Карта Москвы"
70-->src/main/AndroidManifest.xml:46:13-41
71            android:parentActivityName="com.example.autotasks.MainActivity" />
71-->src/main/AndroidManifest.xml:47:13-55
72        <activity
72-->src/main/AndroidManifest.xml:48:9-52:58
73            android:name="com.example.autotasks.ArrayOptimizationActivity"
73-->src/main/AndroidManifest.xml:49:13-54
74            android:exported="false"
74-->src/main/AndroidManifest.xml:50:13-37
75            android:label="Оптимизация массивов"
75-->src/main/AndroidManifest.xml:51:13-49
76            android:parentActivityName="com.example.autotasks.MainActivity" />
76-->src/main/AndroidManifest.xml:52:13-55
77
78        <service
78-->[com.google.firebase:firebase-auth-ktx:22.3.0] AndroidManifest.xml:8:9-14:19
79            android:name="com.google.firebase.components.ComponentDiscoveryService"
79-->[com.google.firebase:firebase-auth-ktx:22.3.0] AndroidManifest.xml:9:13-84
80            android:directBootAware="true"
80-->[com.google.firebase:firebase-common:22.0.1] AndroidManifest.xml:32:13-43
81            android:exported="false" >
81-->[com.google.firebase:firebase-auth-ktx:22.3.0] AndroidManifest.xml:10:13-37
82            <meta-data
82-->[com.google.firebase:firebase-auth-ktx:22.3.0] AndroidManifest.xml:11:13-13:85
83                android:name="com.google.firebase.components:com.google.firebase.auth.ktx.FirebaseAuthLegacyRegistrar"
83-->[com.google.firebase:firebase-auth-ktx:22.3.0] AndroidManifest.xml:12:17-119
84                android:value="com.google.firebase.components.ComponentRegistrar" />
84-->[com.google.firebase:firebase-auth-ktx:22.3.0] AndroidManifest.xml:13:17-82
85            <meta-data
85-->[com.google.firebase:firebase-auth:22.3.0] AndroidManifest.xml:69:13-71:85
86                android:name="com.google.firebase.components:com.google.firebase.auth.FirebaseAuthRegistrar"
86-->[com.google.firebase:firebase-auth:22.3.0] AndroidManifest.xml:70:17-109
87                android:value="com.google.firebase.components.ComponentRegistrar" />
87-->[com.google.firebase:firebase-auth:22.3.0] AndroidManifest.xml:71:17-82
88            <meta-data
88-->[com.google.firebase:firebase-crashlytics:20.0.3] AndroidManifest.xml:15:13-17:85
89                android:name="com.google.firebase.components:com.google.firebase.crashlytics.FirebaseCrashlyticsKtxRegistrar"
89-->[com.google.firebase:firebase-crashlytics:20.0.3] AndroidManifest.xml:16:17-126
90                android:value="com.google.firebase.components.ComponentRegistrar" />
90-->[com.google.firebase:firebase-crashlytics:20.0.3] AndroidManifest.xml:17:17-82
91            <meta-data
91-->[com.google.firebase:firebase-crashlytics:20.0.3] AndroidManifest.xml:18:13-20:85
92                android:name="com.google.firebase.components:com.google.firebase.crashlytics.CrashlyticsRegistrar"
92-->[com.google.firebase:firebase-crashlytics:20.0.3] AndroidManifest.xml:19:17-115
93                android:value="com.google.firebase.components.ComponentRegistrar" />
93-->[com.google.firebase:firebase-crashlytics:20.0.3] AndroidManifest.xml:20:17-82
94            <meta-data
94-->[com.google.firebase:firebase-sessions:3.0.3] AndroidManifest.xml:25:13-27:85
95                android:name="com.google.firebase.components:com.google.firebase.sessions.FirebaseSessionsRegistrar"
95-->[com.google.firebase:firebase-sessions:3.0.3] AndroidManifest.xml:26:17-117
96                android:value="com.google.firebase.components.ComponentRegistrar" />
96-->[com.google.firebase:firebase-sessions:3.0.3] AndroidManifest.xml:27:17-82
97            <meta-data
97-->[com.google.firebase:firebase-analytics-ktx:21.5.0] AndroidManifest.xml:11:13-13:85
98                android:name="com.google.firebase.components:com.google.firebase.analytics.ktx.FirebaseAnalyticsLegacyRegistrar"
98-->[com.google.firebase:firebase-analytics-ktx:21.5.0] AndroidManifest.xml:12:17-129
99                android:value="com.google.firebase.components.ComponentRegistrar" />
99-->[com.google.firebase:firebase-analytics-ktx:21.5.0] AndroidManifest.xml:13:17-82
100            <meta-data
100-->[com.google.android.gms:play-services-measurement-api:21.5.0] AndroidManifest.xml:37:13-39:85
101                android:name="com.google.firebase.components:com.google.firebase.analytics.connector.internal.AnalyticsConnectorRegistrar"
101-->[com.google.android.gms:play-services-measurement-api:21.5.0] AndroidManifest.xml:38:17-139
102                android:value="com.google.firebase.components.ComponentRegistrar" />
102-->[com.google.android.gms:play-services-measurement-api:21.5.0] AndroidManifest.xml:39:17-82
103            <meta-data
103-->[com.google.firebase:firebase-installations:18.0.0] AndroidManifest.xml:15:13-17:85
104                android:name="com.google.firebase.components:com.google.firebase.installations.FirebaseInstallationsKtxRegistrar"
104-->[com.google.firebase:firebase-installations:18.0.0] AndroidManifest.xml:16:17-130
105                android:value="com.google.firebase.components.ComponentRegistrar" />
105-->[com.google.firebase:firebase-installations:18.0.0] AndroidManifest.xml:17:17-82
106            <meta-data
106-->[com.google.firebase:firebase-installations:18.0.0] AndroidManifest.xml:18:13-20:85
107                android:name="com.google.firebase.components:com.google.firebase.installations.FirebaseInstallationsRegistrar"
107-->[com.google.firebase:firebase-installations:18.0.0] AndroidManifest.xml:19:17-127
108                android:value="com.google.firebase.components.ComponentRegistrar" />
108-->[com.google.firebase:firebase-installations:18.0.0] AndroidManifest.xml:20:17-82
109            <meta-data
109-->[com.google.firebase:firebase-common-ktx:21.0.0] AndroidManifest.xml:12:13-14:85
110                android:name="com.google.firebase.components:com.google.firebase.ktx.FirebaseCommonLegacyRegistrar"
110-->[com.google.firebase:firebase-common-ktx:21.0.0] AndroidManifest.xml:13:17-116
111                android:value="com.google.firebase.components.ComponentRegistrar" />
111-->[com.google.firebase:firebase-common-ktx:21.0.0] AndroidManifest.xml:14:17-82
112            <meta-data
112-->[com.google.firebase:firebase-common:22.0.1] AndroidManifest.xml:35:13-37:85
113                android:name="com.google.firebase.components:com.google.firebase.FirebaseCommonKtxRegistrar"
113-->[com.google.firebase:firebase-common:22.0.1] AndroidManifest.xml:36:17-109
114                android:value="com.google.firebase.components.ComponentRegistrar" />
114-->[com.google.firebase:firebase-common:22.0.1] AndroidManifest.xml:37:17-82
115            <meta-data
115-->[com.google.firebase:firebase-datatransport:19.0.0] AndroidManifest.xml:25:13-27:85
116                android:name="com.google.firebase.components:com.google.firebase.datatransport.TransportRegistrar"
116-->[com.google.firebase:firebase-datatransport:19.0.0] AndroidManifest.xml:26:17-115
117                android:value="com.google.firebase.components.ComponentRegistrar" />
117-->[com.google.firebase:firebase-datatransport:19.0.0] AndroidManifest.xml:27:17-82
118        </service>
119
120        <activity
120-->[com.google.firebase:firebase-auth:22.3.0] AndroidManifest.xml:29:9-46:20
121            android:name="com.google.firebase.auth.internal.GenericIdpActivity"
121-->[com.google.firebase:firebase-auth:22.3.0] AndroidManifest.xml:30:13-80
122            android:excludeFromRecents="true"
122-->[com.google.firebase:firebase-auth:22.3.0] AndroidManifest.xml:31:13-46
123            android:exported="true"
123-->[com.google.firebase:firebase-auth:22.3.0] AndroidManifest.xml:32:13-36
124            android:launchMode="singleTask"
124-->[com.google.firebase:firebase-auth:22.3.0] AndroidManifest.xml:33:13-44
125            android:theme="@android:style/Theme.Translucent.NoTitleBar" >
125-->[com.google.firebase:firebase-auth:22.3.0] AndroidManifest.xml:34:13-72
126            <intent-filter>
126-->[com.google.firebase:firebase-auth:22.3.0] AndroidManifest.xml:35:13-45:29
127                <action android:name="android.intent.action.VIEW" />
127-->[com.google.firebase:firebase-auth:22.3.0] AndroidManifest.xml:36:17-69
127-->[com.google.firebase:firebase-auth:22.3.0] AndroidManifest.xml:36:25-66
128
129                <category android:name="android.intent.category.DEFAULT" />
129-->[com.google.firebase:firebase-auth:22.3.0] AndroidManifest.xml:38:17-76
129-->[com.google.firebase:firebase-auth:22.3.0] AndroidManifest.xml:38:27-73
130                <category android:name="android.intent.category.BROWSABLE" />
130-->[com.google.firebase:firebase-auth:22.3.0] AndroidManifest.xml:39:17-78
130-->[com.google.firebase:firebase-auth:22.3.0] AndroidManifest.xml:39:27-75
131
132                <data
132-->[com.google.firebase:firebase-auth:22.3.0] AndroidManifest.xml:41:17-44:51
133                    android:host="firebase.auth"
133-->[com.google.firebase:firebase-auth:22.3.0] AndroidManifest.xml:42:21-49
134                    android:path="/"
134-->[com.google.firebase:firebase-auth:22.3.0] AndroidManifest.xml:43:21-37
135                    android:scheme="genericidp" />
135-->[com.google.firebase:firebase-auth:22.3.0] AndroidManifest.xml:44:21-48
136            </intent-filter>
137        </activity>
138        <activity
138-->[com.google.firebase:firebase-auth:22.3.0] AndroidManifest.xml:47:9-64:20
139            android:name="com.google.firebase.auth.internal.RecaptchaActivity"
139-->[com.google.firebase:firebase-auth:22.3.0] AndroidManifest.xml:48:13-79
140            android:excludeFromRecents="true"
140-->[com.google.firebase:firebase-auth:22.3.0] AndroidManifest.xml:49:13-46
141            android:exported="true"
141-->[com.google.firebase:firebase-auth:22.3.0] AndroidManifest.xml:50:13-36
142            android:launchMode="singleTask"
142-->[com.google.firebase:firebase-auth:22.3.0] AndroidManifest.xml:51:13-44
143            android:theme="@android:style/Theme.Translucent.NoTitleBar" >
143-->[com.google.firebase:firebase-auth:22.3.0] AndroidManifest.xml:52:13-72
144            <intent-filter>
144-->[com.google.firebase:firebase-auth:22.3.0] AndroidManifest.xml:53:13-63:29
145                <action android:name="android.intent.action.VIEW" />
145-->[com.google.firebase:firebase-auth:22.3.0] AndroidManifest.xml:36:17-69
145-->[com.google.firebase:firebase-auth:22.3.0] AndroidManifest.xml:36:25-66
146
147                <category android:name="android.intent.category.DEFAULT" />
147-->[com.google.firebase:firebase-auth:22.3.0] AndroidManifest.xml:38:17-76
147-->[com.google.firebase:firebase-auth:22.3.0] AndroidManifest.xml:38:27-73
148                <category android:name="android.intent.category.BROWSABLE" />
148-->[com.google.firebase:firebase-auth:22.3.0] AndroidManifest.xml:39:17-78
148-->[com.google.firebase:firebase-auth:22.3.0] AndroidManifest.xml:39:27-75
149
150                <data
150-->[com.google.firebase:firebase-auth:22.3.0] AndroidManifest.xml:41:17-44:51
151                    android:host="firebase.auth"
151-->[com.google.firebase:firebase-auth:22.3.0] AndroidManifest.xml:42:21-49
152                    android:path="/"
152-->[com.google.firebase:firebase-auth:22.3.0] AndroidManifest.xml:43:21-37
153                    android:scheme="recaptcha" />
153-->[com.google.firebase:firebase-auth:22.3.0] AndroidManifest.xml:44:21-48
154            </intent-filter>
155        </activity>
156
157        <property
157-->[com.google.android.gms:play-services-measurement-api:21.5.0] AndroidManifest.xml:30:9-32:61
158            android:name="android.adservices.AD_SERVICES_CONFIG"
158-->[com.google.android.gms:play-services-measurement-api:21.5.0] AndroidManifest.xml:31:13-65
159            android:resource="@xml/ga_ad_services_config" />
159-->[com.google.android.gms:play-services-measurement-api:21.5.0] AndroidManifest.xml:32:13-58
160
161        <provider
161-->[com.google.firebase:firebase-common:22.0.1] AndroidManifest.xml:23:9-28:39
162            android:name="com.google.firebase.provider.FirebaseInitProvider"
162-->[com.google.firebase:firebase-common:22.0.1] AndroidManifest.xml:24:13-77
163            android:authorities="com.example.autotasks.firebaseinitprovider"
163-->[com.google.firebase:firebase-common:22.0.1] AndroidManifest.xml:25:13-72
164            android:directBootAware="true"
164-->[com.google.firebase:firebase-common:22.0.1] AndroidManifest.xml:26:13-43
165            android:exported="false"
165-->[com.google.firebase:firebase-common:22.0.1] AndroidManifest.xml:27:13-37
166            android:initOrder="100" />
166-->[com.google.firebase:firebase-common:22.0.1] AndroidManifest.xml:28:13-36
167
168        <meta-data
168-->[com.yandex.android:maps.mobile:4.4.0-full] AndroidManifest.xml:25:9-27:38
169            android:name="yandex.maps.runtime.stl.linkage"
169-->[com.yandex.android:maps.mobile:4.4.0-full] AndroidManifest.xml:26:13-59
170            android:value="static" />
170-->[com.yandex.android:maps.mobile:4.4.0-full] AndroidManifest.xml:27:13-35
171
172        <service
172-->[com.yandex.android:maps.mobile:4.4.0-full] AndroidManifest.xml:29:9-32:72
173            android:name="com.evernote.android.job.patched.internal.v21.PlatformJobService"
173-->[com.yandex.android:maps.mobile:4.4.0-full] AndroidManifest.xml:30:13-92
174            android:exported="false"
174-->[com.yandex.android:maps.mobile:4.4.0-full] AndroidManifest.xml:31:13-37
175            android:permission="android.permission.BIND_JOB_SERVICE" />
175-->[com.yandex.android:maps.mobile:4.4.0-full] AndroidManifest.xml:32:13-69
176        <service
176-->[com.yandex.android:maps.mobile:4.4.0-full] AndroidManifest.xml:33:9-36:72
177            android:name="com.evernote.android.job.patched.internal.v14.PlatformAlarmService"
177-->[com.yandex.android:maps.mobile:4.4.0-full] AndroidManifest.xml:34:13-94
178            android:exported="false"
178-->[com.yandex.android:maps.mobile:4.4.0-full] AndroidManifest.xml:35:13-37
179            android:permission="android.permission.BIND_JOB_SERVICE" />
179-->[com.yandex.android:maps.mobile:4.4.0-full] AndroidManifest.xml:36:13-69
180        <service
180-->[com.yandex.android:maps.mobile:4.4.0-full] AndroidManifest.xml:37:9-39:40
181            android:name="com.evernote.android.job.patched.internal.v14.PlatformAlarmServiceExact"
181-->[com.yandex.android:maps.mobile:4.4.0-full] AndroidManifest.xml:38:13-99
182            android:exported="false" />
182-->[com.yandex.android:maps.mobile:4.4.0-full] AndroidManifest.xml:39:13-37
183
184        <receiver
184-->[com.yandex.android:maps.mobile:4.4.0-full] AndroidManifest.xml:41:9-50:20
185            android:name="com.evernote.android.job.patched.internal.v14.PlatformAlarmReceiver"
185-->[com.yandex.android:maps.mobile:4.4.0-full] AndroidManifest.xml:42:13-95
186            android:exported="false" >
186-->[com.yandex.android:maps.mobile:4.4.0-full] AndroidManifest.xml:43:13-37
187            <intent-filter>
187-->[com.yandex.android:maps.mobile:4.4.0-full] AndroidManifest.xml:44:13-49:29
188
189                <!-- Keep the filter for legacy intents -->
190                <action android:name="com.evernote.android.job.patched.internal.v14.RUN_JOB" />
190-->[com.yandex.android:maps.mobile:4.4.0-full] AndroidManifest.xml:47:17-96
190-->[com.yandex.android:maps.mobile:4.4.0-full] AndroidManifest.xml:47:25-93
191                <action android:name="net.vrallev.android.job.v14.RUN_JOB" />
191-->[com.yandex.android:maps.mobile:4.4.0-full] AndroidManifest.xml:48:17-78
191-->[com.yandex.android:maps.mobile:4.4.0-full] AndroidManifest.xml:48:25-75
192            </intent-filter>
193        </receiver>
194        <receiver
194-->[com.yandex.android:maps.mobile:4.4.0-full] AndroidManifest.xml:51:9-60:20
195            android:name="com.evernote.android.job.patched.internal.JobBootReceiver"
195-->[com.yandex.android:maps.mobile:4.4.0-full] AndroidManifest.xml:52:13-85
196            android:exported="false" >
196-->[com.yandex.android:maps.mobile:4.4.0-full] AndroidManifest.xml:53:13-37
197            <intent-filter>
197-->[com.yandex.android:maps.mobile:4.4.0-full] AndroidManifest.xml:54:13-59:29
198                <action android:name="android.intent.action.BOOT_COMPLETED" />
198-->[com.yandex.android:maps.mobile:4.4.0-full] AndroidManifest.xml:55:17-79
198-->[com.yandex.android:maps.mobile:4.4.0-full] AndroidManifest.xml:55:25-76
199                <action android:name="android.intent.action.QUICKBOOT_POWERON" />
199-->[com.yandex.android:maps.mobile:4.4.0-full] AndroidManifest.xml:56:17-82
199-->[com.yandex.android:maps.mobile:4.4.0-full] AndroidManifest.xml:56:25-79
200                <action android:name="com.htc.intent.action.QUICKBOOT_POWERON" />
200-->[com.yandex.android:maps.mobile:4.4.0-full] AndroidManifest.xml:57:17-82
200-->[com.yandex.android:maps.mobile:4.4.0-full] AndroidManifest.xml:57:25-79
201                <action android:name="android.intent.action.MY_PACKAGE_REPLACED" />
201-->[com.yandex.android:maps.mobile:4.4.0-full] AndroidManifest.xml:58:17-84
201-->[com.yandex.android:maps.mobile:4.4.0-full] AndroidManifest.xml:58:25-81
202            </intent-filter>
203        </receiver>
204
205        <service
205-->[com.yandex.android:maps.mobile:4.4.0-full] AndroidManifest.xml:62:9-65:72
206            android:name="com.evernote.android.job.patched.internal.JobRescheduleService"
206-->[com.yandex.android:maps.mobile:4.4.0-full] AndroidManifest.xml:63:13-90
207            android:exported="false"
207-->[com.yandex.android:maps.mobile:4.4.0-full] AndroidManifest.xml:64:13-37
208            android:permission="android.permission.BIND_JOB_SERVICE" />
208-->[com.yandex.android:maps.mobile:4.4.0-full] AndroidManifest.xml:65:13-69
209        <service
209-->[com.yandex.android:maps.mobile:4.4.0-full] AndroidManifest.xml:66:9-69:72
210            android:name="com.yandex.runtime.connectivity.internal.ConnectivityService"
210-->[com.yandex.android:maps.mobile:4.4.0-full] AndroidManifest.xml:67:13-88
211            android:exported="true"
211-->[com.yandex.android:maps.mobile:4.4.0-full] AndroidManifest.xml:68:13-36
212            android:permission="android.permission.BIND_JOB_SERVICE" />
212-->[com.yandex.android:maps.mobile:4.4.0-full] AndroidManifest.xml:69:13-69
213        <service
213-->[androidx.room:room-runtime:2.6.1] AndroidManifest.xml:24:9-28:63
214            android:name="androidx.room.MultiInstanceInvalidationService"
214-->[androidx.room:room-runtime:2.6.1] AndroidManifest.xml:25:13-74
215            android:directBootAware="true"
215-->[androidx.room:room-runtime:2.6.1] AndroidManifest.xml:26:13-43
216            android:exported="false" />
216-->[androidx.room:room-runtime:2.6.1] AndroidManifest.xml:27:13-37
217
218        <provider
218-->[androidx.emoji2:emoji2:1.2.0] AndroidManifest.xml:24:9-32:20
219            android:name="androidx.startup.InitializationProvider"
219-->[androidx.emoji2:emoji2:1.2.0] AndroidManifest.xml:25:13-67
220            android:authorities="com.example.autotasks.androidx-startup"
220-->[androidx.emoji2:emoji2:1.2.0] AndroidManifest.xml:26:13-68
221            android:exported="false" >
221-->[androidx.emoji2:emoji2:1.2.0] AndroidManifest.xml:27:13-37
222            <meta-data
222-->[androidx.emoji2:emoji2:1.2.0] AndroidManifest.xml:29:13-31:52
223                android:name="androidx.emoji2.text.EmojiCompatInitializer"
223-->[androidx.emoji2:emoji2:1.2.0] AndroidManifest.xml:30:17-75
224                android:value="androidx.startup" />
224-->[androidx.emoji2:emoji2:1.2.0] AndroidManifest.xml:31:17-49
225            <meta-data
225-->[androidx.lifecycle:lifecycle-process:2.6.2] AndroidManifest.xml:29:13-31:52
226                android:name="androidx.lifecycle.ProcessLifecycleInitializer"
226-->[androidx.lifecycle:lifecycle-process:2.6.2] AndroidManifest.xml:30:17-78
227                android:value="androidx.startup" />
227-->[androidx.lifecycle:lifecycle-process:2.6.2] AndroidManifest.xml:31:17-49
228            <meta-data
228-->[androidx.profileinstaller:profileinstaller:1.3.1] AndroidManifest.xml:29:13-31:52
229                android:name="androidx.profileinstaller.ProfileInstallerInitializer"
229-->[androidx.profileinstaller:profileinstaller:1.3.1] AndroidManifest.xml:30:17-85
230                android:value="androidx.startup" />
230-->[androidx.profileinstaller:profileinstaller:1.3.1] AndroidManifest.xml:31:17-49
231        </provider>
232
233        <receiver
233-->[com.google.android.gms:play-services-measurement:21.5.0] AndroidManifest.xml:29:9-33:20
234            android:name="com.google.android.gms.measurement.AppMeasurementReceiver"
234-->[com.google.android.gms:play-services-measurement:21.5.0] AndroidManifest.xml:30:13-85
235            android:enabled="true"
235-->[com.google.android.gms:play-services-measurement:21.5.0] AndroidManifest.xml:31:13-35
236            android:exported="false" >
236-->[com.google.android.gms:play-services-measurement:21.5.0] AndroidManifest.xml:32:13-37
237        </receiver>
238
239        <service
239-->[com.google.android.gms:play-services-measurement:21.5.0] AndroidManifest.xml:35:9-38:40
240            android:name="com.google.android.gms.measurement.AppMeasurementService"
240-->[com.google.android.gms:play-services-measurement:21.5.0] AndroidManifest.xml:36:13-84
241            android:enabled="true"
241-->[com.google.android.gms:play-services-measurement:21.5.0] AndroidManifest.xml:37:13-35
242            android:exported="false" />
242-->[com.google.android.gms:play-services-measurement:21.5.0] AndroidManifest.xml:38:13-37
243        <service
243-->[com.google.android.gms:play-services-measurement:21.5.0] AndroidManifest.xml:39:9-43:72
244            android:name="com.google.android.gms.measurement.AppMeasurementJobService"
244-->[com.google.android.gms:play-services-measurement:21.5.0] AndroidManifest.xml:40:13-87
245            android:enabled="true"
245-->[com.google.android.gms:play-services-measurement:21.5.0] AndroidManifest.xml:41:13-35
246            android:exported="false"
246-->[com.google.android.gms:play-services-measurement:21.5.0] AndroidManifest.xml:42:13-37
247            android:permission="android.permission.BIND_JOB_SERVICE" />
247-->[com.google.android.gms:play-services-measurement:21.5.0] AndroidManifest.xml:43:13-69
248
249        <uses-library
249-->[androidx.privacysandbox.ads:ads-adservices:1.0.0-beta05] AndroidManifest.xml:23:9-25:40
250            android:name="android.ext.adservices"
250-->[androidx.privacysandbox.ads:ads-adservices:1.0.0-beta05] AndroidManifest.xml:24:13-50
251            android:required="false" />
251-->[androidx.privacysandbox.ads:ads-adservices:1.0.0-beta05] AndroidManifest.xml:25:13-37
252
253        <activity
253-->[com.google.android.gms:play-services-base:18.1.0] AndroidManifest.xml:20:9-22:45
254            android:name="com.google.android.gms.common.api.GoogleApiActivity"